<?xml version="1.0" encoding="UTF-8"?>
<!-- Generated by org.testng.reporters.JUnitReportReporter -->
<testsuite hostname="LuisPC" failures="0" tests="1" name="com.ui.automation.runners.TestRunner" time="9.630" errors="0" timestamp="2025-03-19T00:49:20 EDT" skipped="0">
  <testcase classname="com.ui.automation.runners.TestRunner" name="runScenario" time="9.630"/>
</testsuite> <!-- com.ui.automation.runners.TestRunner -->
